<?xml version="1.0" encoding="UTF-8" standalone="no"?>
<!DOCTYPE log SYSTEM "logger.dtd">
<log>
<record>
  <date>2018-11-29T14:19:11.279-0300</date>
  <logger>PAULO MENDES DA SILVA JUNIOR</logger>
  <level>FINE</level>
  <message>File 117210922-PAULO MENDES DA SILVA JUNIOR.zip was received. It was sent by PAULO MENDES DA SILVA JUNIOR from IP 150.165.42.182</message>
</record>
</log>
<?xml version="1.0" encoding="UTF-8" standalone="no"?>
<!DOCTYPE log SYSTEM "logger.dtd">
<log>
<record>
  <date>2018-11-29T15:29:37.449-0300</date>
  <logger>PAULO MENDES DA SILVA JUNIOR</logger>
  <level>FINE</level>
  <message>File 117210922-PAULO MENDES DA SILVA JUNIOR.zip was received. It was sent by PAULO MENDES DA SILVA JUNIOR from IP 150.165.42.182</message>
</record>
</log>
<?xml version="1.0" encoding="UTF-8" standalone="no"?>
<!DOCTYPE log SYSTEM "logger.dtd">
<log>
<record>
  <date>2018-11-29T15:50:15.632-0300</date>
  <logger>PAULO MENDES DA SILVA JUNIOR</logger>
  <level>FINE</level>
  <message>File 117210922-PAULO MENDES DA SILVA JUNIOR.zip was received. It was sent by PAULO MENDES DA SILVA JUNIOR from IP 150.165.42.182</message>
</record>
</log>
<?xml version="1.0" encoding="UTF-8" standalone="no"?>
<!DOCTYPE log SYSTEM "logger.dtd">
<log>
<record>
  <date>2018-11-29T15:54:21.975-0300</date>
  <logger>PAULO MENDES DA SILVA JUNIOR</logger>
  <level>FINE</level>
  <message>File 117210922-PAULO MENDES DA SILVA JUNIOR.zip was received. It was sent by PAULO MENDES DA SILVA JUNIOR from IP 150.165.42.182</message>
</record>
