<?xml version="1.0" encoding="UTF-8" standalone="no"?>
<!DOCTYPE log SYSTEM "logger.dtd">
<log>
<record>
  <date>2018-11-26T16:27:37.457-0300</date>
  <logger>PAULO MENDES DA SILVA JUNIOR</logger>
  <level>FINE</level>
  <message>File 117210922-PAULO MENDES DA SILVA JUNIOR.zip was received. It was sent by PAULO MENDES DA SILVA JUNIOR from IP 150.165.74.111</message>
</record>
</log>
<?xml version="1.0" encoding="UTF-8" standalone="no"?>
<!DOCTYPE log SYSTEM "logger.dtd">
<log>
<record>
  <date>2018-11-26T17:03:06.497-0300</date>
  <logger>PAULO MENDES DA SILVA JUNIOR</logger>
  <level>FINE</level>
  <message>File 117210922-PAULO MENDES DA SILVA JUNIOR.zip was received. It was sent by PAULO MENDES DA SILVA JUNIOR from IP 150.165.74.111</message>
</record>
</log>
<?xml version="1.0" encoding="UTF-8" standalone="no"?>
<!DOCTYPE log SYSTEM "logger.dtd">
<log>
<record>
  <date>2018-11-27T16:26:52.890-0300</date>
  <logger>PAULO MENDES DA SILVA JUNIOR</logger>
  <level>FINE</level>
  <message>File 117210922-PAULO MENDES DA SILVA JUNIOR.zip was received. It was sent by PAULO MENDES DA SILVA JUNIOR from IP 150.165.74.111</message>
</record>
</log>
<?xml version="1.0" encoding="UTF-8" standalone="no"?>
<!DOCTYPE log SYSTEM "logger.dtd">
<log>
<record>
  <date>2018-11-27T22:02:22.881-0300</date>
  <logger>PAULO MENDES DA SILVA JUNIOR</logger>
  <level>FINE</level>
  <message>File 117210922-PAULO MENDES DA SILVA JUNIOR.zip was received. It was sent by PAULO MENDES DA SILVA JUNIOR from IP 192.168.0.100</message>
</record>
