<?xml version="1.0" encoding="UTF-8" standalone="no"?>
<!DOCTYPE log SYSTEM "logger.dtd">
<log>
<record>
  <date>2018-09-20T14:04:20.633-0300</date>
  <logger>PAULO MENDES DA SILVA JUNIOR</logger>
  <level>FINE</level>
  <message>File 117210922-PAULO MENDES DA SILVA JUNIOR.zip was received. It was sent by PAULO MENDES DA SILVA JUNIOR from IP 150.165.42.138</message>
</record>
</log>
<?xml version="1.0" encoding="UTF-8" standalone="no"?>
<!DOCTYPE log SYSTEM "logger.dtd">
<log>
<record>
  <date>2018-09-20T15:14:09.191-0300</date>
  <logger>PAULO MENDES DA SILVA JUNIOR</logger>
  <level>FINE</level>
  <message>File 117210922-PAULO MENDES DA SILVA JUNIOR.zip was received. It was sent by PAULO MENDES DA SILVA JUNIOR from IP 150.165.42.138</message>
</record>
</log>
<?xml version="1.0" encoding="UTF-8" standalone="no"?>
<!DOCTYPE log SYSTEM "logger.dtd">
<log>
<record>
  <date>2018-09-20T15:26:50.977-0300</date>
  <logger>PAULO MENDES DA SILVA JUNIOR</logger>
  <level>FINE</level>
  <message>File 117210922-PAULO MENDES DA SILVA JUNIOR.zip was received. It was sent by PAULO MENDES DA SILVA JUNIOR from IP 150.165.42.138</message>
</record>
