<?xml version="1.0" encoding="UTF-8" standalone="no"?>
<!DOCTYPE log SYSTEM "logger.dtd">
<log>
<record>
  <date>2018-10-25T14:05:55.616-0300</date>
  <logger>PAULO MENDES DA SILVA JUNIOR</logger>
  <level>FINE</level>
  <message>File 117210922-PAULO MENDES DA SILVA JUNIOR.zip was received. It was sent by PAULO MENDES DA SILVA JUNIOR from IP 150.165.42.127</message>
</record>
</log>
<?xml version="1.0" encoding="UTF-8" standalone="no"?>
<!DOCTYPE log SYSTEM "logger.dtd">
<log>
<record>
  <date>2018-10-25T15:33:05.576-0300</date>
  <logger>PAULO MENDES DA SILVA JUNIOR</logger>
  <level>FINE</level>
  <message>File 117210922-PAULO MENDES DA SILVA JUNIOR.zip was received. It was sent by PAULO MENDES DA SILVA JUNIOR from IP 150.165.42.127</message>
</record>
</log>
<?xml version="1.0" encoding="UTF-8" standalone="no"?>
<!DOCTYPE log SYSTEM "logger.dtd">
<log>
<record>
  <date>2018-10-25T15:55:13.368-0300</date>
  <logger>PAULO MENDES DA SILVA JUNIOR</logger>
  <level>FINE</level>
  <message>File 117210922-PAULO MENDES DA SILVA JUNIOR.zip was received. It was sent by PAULO MENDES DA SILVA JUNIOR from IP 150.165.42.127</message>
</record>
</log>
<?xml version="1.0" encoding="UTF-8" standalone="no"?>
<!DOCTYPE log SYSTEM "logger.dtd">
<log>
<record>
  <date>2018-10-25T15:57:22.662-0300</date>
  <logger>PAULO MENDES DA SILVA JUNIOR</logger>
  <level>FINE</level>
  <message>File 117210922-PAULO MENDES DA SILVA JUNIOR.zip was received. It was sent by PAULO MENDES DA SILVA JUNIOR from IP 150.165.42.127</message>
</record>
</log>
<?xml version="1.0" encoding="UTF-8" standalone="no"?>
<!DOCTYPE log SYSTEM "logger.dtd">
<log>
<record>
  <date>2018-10-25T15:59:48.043-0300</date>
  <logger>PAULO MENDES DA SILVA JUNIOR</logger>
  <level>FINE</level>
  <message>File 117210922-PAULO MENDES DA SILVA JUNIOR.zip was received. It was sent by PAULO MENDES DA SILVA JUNIOR from IP 150.165.42.127</message>
</record>
